  Source.cpp
C:\Program Files (x86)\Windows Kits\10\Include\10.0.19041.0\shared\minwindef.h(130,1): warning C4005: 'APIENTRY': macro redefinition
D:\Flyro\Documents\GitHub\vcpkg\installed\x64-windows\include\GLFW\glfw3.h(123): message : see previous definition of 'APIENTRY'
C:\Users\flyro\source\repos\wavGUIsimple\wavGUIsimple\Source.cpp(73,22): warning C4244: 'argument': conversion from 'double' to 'float', possible loss of data
C:\Users\flyro\source\repos\wavGUIsimple\wavGUIsimple\Source.cpp(101,44): warning C4244: '=': conversion from 'double' to '_Ty', possible loss of data
          with
          [
              _Ty=float
          ]
C:\Users\flyro\source\repos\wavGUIsimple\wavGUIsimple\Source.cpp(106,27): warning C4244: '=': conversion from '_Ty' to '_Ty', possible loss of data
          with
          [
              _Ty=double
          ]
          and
          [
              _Ty=float
          ]
C:\Users\flyro\source\repos\wavGUIsimple\wavGUIsimple\Source.cpp(111,47): warning C4267: 'initializing': conversion from 'size_t' to 'int', possible loss of data
C:\Users\flyro\source\repos\wavGUIsimple\wavGUIsimple\Source.cpp(135,40): warning C4244: '+=': conversion from '_Ty' to '_Ty', possible loss of data
          with
          [
              _Ty=double
          ]
          and
          [
              _Ty=float
          ]
C:\Users\flyro\source\repos\wavGUIsimple\wavGUIsimple\Source.cpp(145,44): warning C4244: '=': conversion from 'double' to '_Ty', possible loss of data
          with
          [
              _Ty=float
          ]
C:\Users\flyro\source\repos\wavGUIsimple\wavGUIsimple\Source.cpp(152,43): warning C4267: 'initializing': conversion from 'size_t' to 'int', possible loss of data
C:\Users\flyro\source\repos\wavGUIsimple\wavGUIsimple\Source.cpp(175,41): warning C4244: '+=': conversion from '_Ty' to '_Ty', possible loss of data
          with
          [
              _Ty=double
          ]
          and
          [
              _Ty=float
          ]
C:\Users\flyro\source\repos\wavGUIsimple\wavGUIsimple\Source.cpp(185,44): warning C4244: '=': conversion from 'double' to '_Ty', possible loss of data
          with
          [
              _Ty=float
          ]
C:\Users\flyro\source\repos\wavGUIsimple\wavGUIsimple\Source.cpp(276,31): warning C4305: 'initializing': truncation from 'double' to 'float'
C:\Users\flyro\source\repos\wavGUIsimple\wavGUIsimple\Source.cpp(279,21): warning C4244: 'initializing': conversion from 'double' to 'int', possible loss of data
C:\Users\flyro\source\repos\wavGUIsimple\wavGUIsimple\Source.cpp(463,75): warning C4244: 'argument': conversion from 'double' to 'int', possible loss of data
C:\Users\flyro\source\repos\wavGUIsimple\wavGUIsimple\Source.cpp(463,70): warning C4244: 'argument': conversion from 'double' to 'int', possible loss of data
C:\Users\flyro\source\repos\wavGUIsimple\wavGUIsimple\Source.cpp(464,56): warning C4244: '=': conversion from 'double' to 'int', possible loss of data
C:\Users\flyro\source\repos\wavGUIsimple\wavGUIsimple\Source.cpp(483,157): warning C4244: 'argument': conversion from 'float' to 'int', possible loss of data
C:\Users\flyro\source\repos\wavGUIsimple\wavGUIsimple\Source.cpp(557,164): warning C4267: 'argument': conversion from 'size_t' to 'int', possible loss of data
C:\Users\flyro\source\repos\wavGUIsimple\wavGUIsimple\Source.cpp(563,93): warning C4267: 'initializing': conversion from 'size_t' to 'int', possible loss of data
C:\Users\flyro\source\repos\wavGUIsimple\wavGUIsimple\Source.cpp(573,93): warning C4267: 'initializing': conversion from 'size_t' to 'int', possible loss of data
C:\Users\flyro\source\repos\wavGUIsimple\wavGUIsimple\Source.cpp(621,149): warning C4267: 'argument': conversion from 'size_t' to 'int', possible loss of data
C:\Users\flyro\source\repos\wavGUIsimple\wavGUIsimple\Source.cpp(687,82): warning C4267: 'argument': conversion from 'size_t' to 'int', possible loss of data
C:\Users\flyro\source\repos\wavGUIsimple\wavGUIsimple\Source.cpp(709,157): warning C4244: 'argument': conversion from 'float' to 'int', possible loss of data
C:\Users\flyro\source\repos\wavGUIsimple\wavGUIsimple\Source.cpp(713,157): warning C4244: 'argument': conversion from 'float' to 'int', possible loss of data
C:\Users\flyro\source\repos\wavGUIsimple\wavGUIsimple\Source.cpp(730,175): warning C4244: 'argument': conversion from 'double' to 'int', possible loss of data
C:\Users\flyro\source\repos\wavGUIsimple\wavGUIsimple\Source.cpp(744,89): warning C4267: 'argument': conversion from 'size_t' to 'int', possible loss of data
  Generating code
  0 of 1130 functions ( 0.0%) were compiled, the rest were copied from previous compilation.
    0 functions were new in current compilation
    0 functions had inline decision re-evaluated but remain unchanged
  Finished generating code
  wavGUIsimple.vcxproj -> C:\Users\flyro\source\repos\wavGUIsimple\x64\Release\wavGUIsimple.exe
