  FFT.cpp
C:\Users\flyro\source\repos\wavGUIsimple\wavGUIsimple\FFT.cpp(41,20): warning C4244: 'argument': conversion from 'size_t' to 'const std::complex<double>::_Ty', possible loss of data
  SOLA.cpp
C:\Users\flyro\source\repos\wavGUIsimple\wavGUIsimple\SOLA.cpp(71,30): warning C4018: '<': signed/unsigned mismatch
C:\Users\flyro\source\repos\wavGUIsimple\wavGUIsimple\SOLA.cpp(100,24): warning C4244: '=': conversion from 'float' to 'int16_t', possible loss of data
C:\Users\flyro\source\repos\wavGUIsimple\wavGUIsimple\SOLA.cpp(117,37): warning C4244: 'argument': conversion from 'float' to 'const unsigned __int64', possible loss of data
  Source.cpp
C:\Program Files (x86)\Windows Kits\10\Include\10.0.19041.0\shared\minwindef.h(130,1): warning C4005: 'APIENTRY': macro redefinition
D:\Flyro\Documents\GitHub\vcpkg\installed\x64-windows\include\GLFW\glfw3.h(123): message : see previous definition of 'APIENTRY'
C:\Users\flyro\source\repos\wavGUIsimple\wavGUIsimple\Source.cpp(97,50): warning C4244: '=': conversion from 'double' to '_Ty', possible loss of data
          with
          [
              _Ty=float
          ]
C:\Users\flyro\source\repos\wavGUIsimple\wavGUIsimple\Source.cpp(102,27): warning C4244: '=': conversion from '_Ty' to '_Ty', possible loss of data
          with
          [
              _Ty=double
          ]
          and
          [
              _Ty=float
          ]
C:\Users\flyro\source\repos\wavGUIsimple\wavGUIsimple\Source.cpp(108,47): warning C4267: 'initializing': conversion from 'size_t' to 'int', possible loss of data
C:\Users\flyro\source\repos\wavGUIsimple\wavGUIsimple\Source.cpp(134,40): warning C4244: '+=': conversion from '_Ty' to '_Ty', possible loss of data
          with
          [
              _Ty=double
          ]
          and
          [
              _Ty=float
          ]
C:\Users\flyro\source\repos\wavGUIsimple\wavGUIsimple\Source.cpp(137,37): warning C4018: '<': signed/unsigned mismatch
C:\Users\flyro\source\repos\wavGUIsimple\wavGUIsimple\Source.cpp(143,37): warning C4018: '<': signed/unsigned mismatch
C:\Users\flyro\source\repos\wavGUIsimple\wavGUIsimple\Source.cpp(144,50): warning C4244: '=': conversion from 'double' to '_Ty', possible loss of data
          with
          [
              _Ty=float
          ]
C:\Users\flyro\source\repos\wavGUIsimple\wavGUIsimple\Source.cpp(175,39): warning C4838: conversion from 'int' to 'unsigned int' requires a narrowing conversion
C:\Users\flyro\source\repos\wavGUIsimple\wavGUIsimple\Source.cpp(175,48): warning C4838: conversion from 'int' to 'unsigned int' requires a narrowing conversion
C:\Users\flyro\source\repos\wavGUIsimple\wavGUIsimple\Source.cpp(175,57): warning C4838: conversion from 'int' to 'unsigned int' requires a narrowing conversion
C:\Users\flyro\source\repos\wavGUIsimple\wavGUIsimple\Source.cpp(175,66): warning C4838: conversion from 'int' to 'unsigned int' requires a narrowing conversion
C:\Users\flyro\source\repos\wavGUIsimple\wavGUIsimple\Source.cpp(175,75): warning C4838: conversion from 'int' to 'unsigned int' requires a narrowing conversion
C:\Users\flyro\source\repos\wavGUIsimple\wavGUIsimple\Source.cpp(183,70): warning C4018: '<': signed/unsigned mismatch
C:\Users\flyro\source\repos\wavGUIsimple\wavGUIsimple\Source.cpp(269,41): warning C4244: '+=': conversion from '_Ty' to '_Ty', possible loss of data
          with
          [
              _Ty=double
          ]
          and
          [
              _Ty=float
          ]
C:\Users\flyro\source\repos\wavGUIsimple\wavGUIsimple\Source.cpp(283,37): warning C4018: '<': signed/unsigned mismatch
C:\Users\flyro\source\repos\wavGUIsimple\wavGUIsimple\Source.cpp(289,37): warning C4018: '<': signed/unsigned mismatch
C:\Users\flyro\source\repos\wavGUIsimple\wavGUIsimple\Source.cpp(290,50): warning C4244: '=': conversion from 'double' to '_Ty', possible loss of data
          with
          [
              _Ty=float
          ]
C:\Users\flyro\source\repos\wavGUIsimple\wavGUIsimple\Source.cpp(300,39): warning C4267: 'initializing': conversion from 'size_t' to 'unsigned long', possible loss of data
C:\Users\flyro\source\repos\wavGUIsimple\wavGUIsimple\Source.cpp(415,31): warning C4305: 'initializing': truncation from 'double' to 'float'
C:\Users\flyro\source\repos\wavGUIsimple\wavGUIsimple\Source.cpp(599,75): warning C4244: 'argument': conversion from 'double' to 'int', possible loss of data
C:\Users\flyro\source\repos\wavGUIsimple\wavGUIsimple\Source.cpp(599,70): warning C4244: 'argument': conversion from 'double' to 'int', possible loss of data
C:\Users\flyro\source\repos\wavGUIsimple\wavGUIsimple\Source.cpp(600,56): warning C4244: '=': conversion from 'double' to 'int', possible loss of data
C:\Users\flyro\source\repos\wavGUIsimple\wavGUIsimple\Source.cpp(615,62): warning C4244: 'argument': conversion from 'float' to 'int', possible loss of data
C:\Users\flyro\source\repos\wavGUIsimple\wavGUIsimple\Source.cpp(615,101): warning C4244: 'argument': conversion from 'float' to 'int', possible loss of data
C:\Users\flyro\source\repos\wavGUIsimple\wavGUIsimple\Source.cpp(615,139): warning C4244: 'argument': conversion from 'float' to 'int', possible loss of data
C:\Users\flyro\source\repos\wavGUIsimple\wavGUIsimple\Source.cpp(629,157): warning C4244: 'argument': conversion from 'float' to 'unsigned long', possible loss of data
C:\Users\flyro\source\repos\wavGUIsimple\wavGUIsimple\Source.cpp(644,67): warning C4244: 'argument': conversion from 'float' to 'int', possible loss of data
C:\Users\flyro\source\repos\wavGUIsimple\wavGUIsimple\Source.cpp(644,106): warning C4244: 'argument': conversion from 'float' to 'int', possible loss of data
C:\Users\flyro\source\repos\wavGUIsimple\wavGUIsimple\Source.cpp(644,144): warning C4244: 'argument': conversion from 'float' to 'int', possible loss of data
C:\Users\flyro\source\repos\wavGUIsimple\wavGUIsimple\Source.cpp(646,161): warning C4244: 'argument': conversion from 'float' to 'unsigned long', possible loss of data
C:\Users\flyro\source\repos\wavGUIsimple\wavGUIsimple\Source.cpp(650,161): warning C4244: 'argument': conversion from 'float' to 'unsigned long', possible loss of data
C:\Users\flyro\source\repos\wavGUIsimple\wavGUIsimple\Source.cpp(652,67): warning C4244: 'argument': conversion from 'float' to 'int', possible loss of data
C:\Users\flyro\source\repos\wavGUIsimple\wavGUIsimple\Source.cpp(652,106): warning C4244: 'argument': conversion from 'float' to 'int', possible loss of data
C:\Users\flyro\source\repos\wavGUIsimple\wavGUIsimple\Source.cpp(652,144): warning C4244: 'argument': conversion from 'float' to 'int', possible loss of data
C:\Users\flyro\source\repos\wavGUIsimple\wavGUIsimple\Source.cpp(701,174): warning C4267: 'argument': conversion from 'size_t' to 'int', possible loss of data
C:\Users\flyro\source\repos\wavGUIsimple\wavGUIsimple\Source.cpp(707,97): warning C4267: 'initializing': conversion from 'size_t' to 'int', possible loss of data
C:\Users\flyro\source\repos\wavGUIsimple\wavGUIsimple\Source.cpp(717,97): warning C4267: 'initializing': conversion from 'size_t' to 'int', possible loss of data
C:\Users\flyro\source\repos\wavGUIsimple\wavGUIsimple\Source.cpp(736,163): warning C4244: 'argument': conversion from 'double' to 'int', possible loss of data
C:\Users\flyro\source\repos\wavGUIsimple\wavGUIsimple\Source.cpp(803,153): warning C4267: 'argument': conversion from 'size_t' to 'int', possible loss of data
C:\Users\flyro\source\repos\wavGUIsimple\wavGUIsimple\Source.cpp(889,95): warning C4267: 'argument': conversion from 'size_t' to 'unsigned long', possible loss of data
C:\Users\flyro\source\repos\wavGUIsimple\wavGUIsimple\Source.cpp(937,36): warning C4018: '>': signed/unsigned mismatch
  wavReader.cpp
C:\Users\flyro\source\repos\wavGUIsimple\wavGUIsimple\wavReader.cpp(31,36): warning C4244: '=': conversion from 'std::streamoff' to 'int', possible loss of data
C:\Users\flyro\source\repos\wavGUIsimple\wavGUIsimple\wavReader.cpp(67,36): warning C4244: '=': conversion from 'std::streamoff' to 'int', possible loss of data
C:\Users\flyro\source\repos\wavGUIsimple\wavGUIsimple\wavReader.cpp(215,41): warning C4244: '=': conversion from 'double' to 'float', possible loss of data
C:\Users\flyro\source\repos\wavGUIsimple\wavGUIsimple\wavReader.cpp(267,26): warning C4244: 'return': conversion from 'double' to 'float', possible loss of data
  Generating Code...
  wavGUIsimple.vcxproj -> C:\Users\flyro\source\repos\wavGUIsimple\x64\Debug\wavGUIsimple.exe
